[2019-05-06 10:08:55 +0100] [1464] [INFO] Starting gunicorn 19.9.0
[2019-05-06 10:08:55 +0100] [1464] [INFO] Listening at: http://127.0.0.1:8000 (1464)
[2019-05-06 10:08:55 +0100] [1464] [INFO] Using worker: gevent
[2019-05-06 10:08:55 +0100] [1467] [INFO] Booting worker with pid: 1467
[2019-05-06 10:08:55 +0100] [1468] [INFO] Booting worker with pid: 1468
[2019-05-06 10:08:55 +0100] [1469] [INFO] Booting worker with pid: 1469
[2019-05-06 10:09:25 +0100] [1464] [CRITICAL] WORKER TIMEOUT (pid:1467)
[2019-05-06 10:09:25 +0100] [1464] [CRITICAL] WORKER TIMEOUT (pid:1468)
[2019-05-06 10:09:25 +0100] [1464] [CRITICAL] WORKER TIMEOUT (pid:1469)
[2019-05-06 10:09:26 +0100] [1480] [INFO] Booting worker with pid: 1480
[2019-05-06 10:09:26 +0100] [1481] [INFO] Booting worker with pid: 1481
[2019-05-06 10:09:26 +0100] [1482] [INFO] Booting worker with pid: 1482
[2019-05-06 10:09:57 +0100] [1464] [CRITICAL] WORKER TIMEOUT (pid:1480)
[2019-05-06 10:09:57 +0100] [1464] [CRITICAL] WORKER TIMEOUT (pid:1481)
[2019-05-06 10:09:57 +0100] [1464] [CRITICAL] WORKER TIMEOUT (pid:1482)
[2019-05-06 10:09:57 +0100] [1480] [INFO] Worker exiting (pid: 1480)
[2019-05-06 10:09:57 +0100] [1481] [INFO] Worker exiting (pid: 1481)
[2019-05-06 10:09:57 +0100] [1482] [INFO] Worker exiting (pid: 1482)
[2019-05-06 10:09:58 +0100] [1486] [INFO] Booting worker with pid: 1486
[2019-05-06 10:09:58 +0100] [1487] [INFO] Booting worker with pid: 1487
[2019-05-06 10:09:58 +0100] [1488] [INFO] Booting worker with pid: 1488
[2019-05-06 10:10:28 +0100] [1464] [CRITICAL] WORKER TIMEOUT (pid:1488)
[2019-05-06 10:10:28 +0100] [1464] [CRITICAL] WORKER TIMEOUT (pid:1486)
[2019-05-06 10:10:28 +0100] [1464] [CRITICAL] WORKER TIMEOUT (pid:1487)
[2019-05-06 10:10:28 +0100] [1488] [INFO] Worker exiting (pid: 1488)
[2019-05-06 10:10:28 +0100] [1486] [INFO] Worker exiting (pid: 1486)
[2019-05-06 10:10:28 +0100] [1487] [INFO] Worker exiting (pid: 1487)
[2019-05-06 10:10:29 +0100] [1492] [INFO] Booting worker with pid: 1492
[2019-05-06 10:10:29 +0100] [1493] [INFO] Booting worker with pid: 1493
[2019-05-06 10:10:29 +0100] [1494] [INFO] Booting worker with pid: 1494
[2019-05-06 10:10:59 +0100] [1464] [CRITICAL] WORKER TIMEOUT (pid:1492)
[2019-05-06 10:10:59 +0100] [1464] [CRITICAL] WORKER TIMEOUT (pid:1493)
[2019-05-06 10:10:59 +0100] [1464] [CRITICAL] WORKER TIMEOUT (pid:1494)
[2019-05-06 10:10:59 +0100] [1492] [INFO] Worker exiting (pid: 1492)
[2019-05-06 10:10:59 +0100] [1493] [INFO] Worker exiting (pid: 1493)
[2019-05-06 10:10:59 +0100] [1494] [INFO] Worker exiting (pid: 1494)
[2019-05-06 10:11:00 +0100] [1498] [INFO] Booting worker with pid: 1498
[2019-05-06 10:11:01 +0100] [1499] [INFO] Booting worker with pid: 1499
[2019-05-06 10:11:01 +0100] [1500] [INFO] Booting worker with pid: 1500
[2019-05-06 10:11:31 +0100] [1464] [CRITICAL] WORKER TIMEOUT (pid:1498)
[2019-05-06 10:11:31 +0100] [1464] [CRITICAL] WORKER TIMEOUT (pid:1499)
[2019-05-06 10:11:31 +0100] [1464] [CRITICAL] WORKER TIMEOUT (pid:1500)
[2019-05-06 10:11:31 +0100] [1499] [INFO] Worker exiting (pid: 1499)
[2019-05-06 10:11:31 +0100] [1498] [INFO] Worker exiting (pid: 1498)
[2019-05-06 10:11:31 +0100] [1500] [INFO] Worker exiting (pid: 1500)
[2019-05-06 10:11:32 +0100] [1508] [INFO] Booting worker with pid: 1508
[2019-05-06 10:11:32 +0100] [1509] [INFO] Booting worker with pid: 1509
[2019-05-06 10:11:32 +0100] [1510] [INFO] Booting worker with pid: 1510
[2019-05-06 10:12:02 +0100] [1464] [CRITICAL] WORKER TIMEOUT (pid:1508)
[2019-05-06 10:12:02 +0100] [1464] [CRITICAL] WORKER TIMEOUT (pid:1509)
[2019-05-06 10:12:02 +0100] [1464] [CRITICAL] WORKER TIMEOUT (pid:1510)
[2019-05-06 10:12:02 +0100] [1509] [INFO] Worker exiting (pid: 1509)
[2019-05-06 10:12:02 +0100] [1508] [INFO] Worker exiting (pid: 1508)
[2019-05-06 10:12:02 +0100] [1510] [INFO] Worker exiting (pid: 1510)
[2019-05-06 10:12:03 +0100] [1515] [INFO] Booting worker with pid: 1515
[2019-05-06 10:12:03 +0100] [1516] [INFO] Booting worker with pid: 1516
[2019-05-06 10:12:03 +0100] [1517] [INFO] Booting worker with pid: 1517
[2019-05-06 10:12:33 +0100] [1464] [CRITICAL] WORKER TIMEOUT (pid:1515)
[2019-05-06 10:12:33 +0100] [1464] [CRITICAL] WORKER TIMEOUT (pid:1516)
[2019-05-06 10:12:34 +0100] [1464] [CRITICAL] WORKER TIMEOUT (pid:1517)
[2019-05-06 10:12:34 +0100] [1515] [INFO] Worker exiting (pid: 1515)
[2019-05-06 10:12:34 +0100] [1516] [INFO] Worker exiting (pid: 1516)
[2019-05-06 10:12:34 +0100] [1517] [INFO] Worker exiting (pid: 1517)
[2019-05-06 10:12:35 +0100] [1521] [INFO] Booting worker with pid: 1521
[2019-05-06 10:12:35 +0100] [1522] [INFO] Booting worker with pid: 1522
[2019-05-06 10:12:35 +0100] [1523] [INFO] Booting worker with pid: 1523
[2019-05-06 10:13:05 +0100] [1464] [CRITICAL] WORKER TIMEOUT (pid:1521)
[2019-05-06 10:13:05 +0100] [1464] [CRITICAL] WORKER TIMEOUT (pid:1522)
[2019-05-06 10:13:05 +0100] [1464] [CRITICAL] WORKER TIMEOUT (pid:1523)
[2019-05-06 10:13:05 +0100] [1521] [INFO] Worker exiting (pid: 1521)
[2019-05-06 10:13:05 +0100] [1522] [INFO] Worker exiting (pid: 1522)
[2019-05-06 10:13:05 +0100] [1523] [INFO] Worker exiting (pid: 1523)
[2019-05-06 10:13:06 +0100] [1528] [INFO] Booting worker with pid: 1528
[2019-05-06 10:13:06 +0100] [1529] [INFO] Booting worker with pid: 1529
[2019-05-06 10:13:06 +0100] [1530] [INFO] Booting worker with pid: 1530
[2019-05-06 10:13:36 +0100] [1464] [CRITICAL] WORKER TIMEOUT (pid:1528)
[2019-05-06 10:13:36 +0100] [1464] [CRITICAL] WORKER TIMEOUT (pid:1529)
[2019-05-06 10:13:36 +0100] [1464] [CRITICAL] WORKER TIMEOUT (pid:1530)
[2019-05-06 10:13:36 +0100] [1529] [INFO] Worker exiting (pid: 1529)
[2019-05-06 10:13:36 +0100] [1528] [INFO] Worker exiting (pid: 1528)
[2019-05-06 10:13:36 +0100] [1530] [INFO] Worker exiting (pid: 1530)
[2019-05-06 10:13:37 +0100] [1547] [INFO] Booting worker with pid: 1547
[2019-05-06 10:13:38 +0100] [1548] [INFO] Booting worker with pid: 1548
[2019-05-06 10:13:38 +0100] [1549] [INFO] Booting worker with pid: 1549
[2019-05-06 10:14:08 +0100] [1464] [CRITICAL] WORKER TIMEOUT (pid:1547)
[2019-05-06 10:14:08 +0100] [1464] [CRITICAL] WORKER TIMEOUT (pid:1548)
[2019-05-06 10:14:08 +0100] [1464] [CRITICAL] WORKER TIMEOUT (pid:1549)
[2019-05-06 10:14:08 +0100] [1547] [INFO] Worker exiting (pid: 1547)
[2019-05-06 10:14:08 +0100] [1548] [INFO] Worker exiting (pid: 1548)
[2019-05-06 10:14:08 +0100] [1549] [INFO] Worker exiting (pid: 1549)
[2019-05-06 10:14:09 +0100] [1556] [INFO] Booting worker with pid: 1556
[2019-05-06 10:14:09 +0100] [1557] [INFO] Booting worker with pid: 1557
[2019-05-06 10:14:09 +0100] [1558] [INFO] Booting worker with pid: 1558
[2019-05-06 10:14:39 +0100] [1464] [CRITICAL] WORKER TIMEOUT (pid:1556)
[2019-05-06 10:14:39 +0100] [1464] [CRITICAL] WORKER TIMEOUT (pid:1557)
[2019-05-06 10:14:39 +0100] [1464] [CRITICAL] WORKER TIMEOUT (pid:1558)
[2019-05-06 10:14:39 +0100] [1556] [INFO] Worker exiting (pid: 1556)
[2019-05-06 10:14:39 +0100] [1558] [INFO] Worker exiting (pid: 1558)
[2019-05-06 10:14:39 +0100] [1557] [INFO] Worker exiting (pid: 1557)
[2019-05-06 10:14:40 +0100] [1577] [INFO] Booting worker with pid: 1577
[2019-05-06 10:14:40 +0100] [1578] [INFO] Booting worker with pid: 1578
[2019-05-06 10:14:40 +0100] [1579] [INFO] Booting worker with pid: 1579
[2019-05-06 10:15:11 +0100] [1464] [CRITICAL] WORKER TIMEOUT (pid:1577)
[2019-05-06 10:15:11 +0100] [1464] [CRITICAL] WORKER TIMEOUT (pid:1578)
[2019-05-06 10:15:11 +0100] [1464] [CRITICAL] WORKER TIMEOUT (pid:1579)
[2019-05-06 10:15:11 +0100] [1577] [INFO] Worker exiting (pid: 1577)
[2019-05-06 10:15:11 +0100] [1579] [INFO] Worker exiting (pid: 1579)
[2019-05-06 10:15:11 +0100] [1578] [INFO] Worker exiting (pid: 1578)
[2019-05-06 10:15:12 +0100] [1583] [INFO] Booting worker with pid: 1583
[2019-05-06 10:15:12 +0100] [1584] [INFO] Booting worker with pid: 1584
[2019-05-06 10:15:12 +0100] [1585] [INFO] Booting worker with pid: 1585
[2019-05-06 10:15:42 +0100] [1464] [CRITICAL] WORKER TIMEOUT (pid:1584)
[2019-05-06 10:15:42 +0100] [1464] [CRITICAL] WORKER TIMEOUT (pid:1585)
[2019-05-06 10:15:42 +0100] [1464] [CRITICAL] WORKER TIMEOUT (pid:1583)
[2019-05-06 10:15:42 +0100] [1584] [INFO] Worker exiting (pid: 1584)
[2019-05-06 10:15:42 +0100] [1585] [INFO] Worker exiting (pid: 1585)
[2019-05-06 10:15:42 +0100] [1583] [INFO] Worker exiting (pid: 1583)
[2019-05-06 10:15:43 +0100] [1606] [INFO] Booting worker with pid: 1606
[2019-05-06 10:15:43 +0100] [1607] [INFO] Booting worker with pid: 1607
[2019-05-06 10:15:43 +0100] [1608] [INFO] Booting worker with pid: 1608
[2019-05-06 10:16:13 +0100] [1464] [CRITICAL] WORKER TIMEOUT (pid:1606)
[2019-05-06 10:16:14 +0100] [1464] [CRITICAL] WORKER TIMEOUT (pid:1607)
[2019-05-06 10:16:14 +0100] [1464] [CRITICAL] WORKER TIMEOUT (pid:1608)
[2019-05-06 10:16:14 +0100] [1606] [INFO] Worker exiting (pid: 1606)
[2019-05-06 10:16:14 +0100] [1607] [INFO] Worker exiting (pid: 1607)
[2019-05-06 10:16:14 +0100] [1608] [INFO] Worker exiting (pid: 1608)
[2019-05-06 10:16:15 +0100] [1621] [INFO] Booting worker with pid: 1621
[2019-05-06 10:16:15 +0100] [1622] [INFO] Booting worker with pid: 1622
[2019-05-06 10:16:15 +0100] [1623] [INFO] Booting worker with pid: 1623
[2019-05-06 10:16:16 +0100] [1464] [INFO] Handling signal: term
[2019-05-06 10:16:46 +0100] [1632] [INFO] Starting gunicorn 19.9.0
[2019-05-06 10:16:46 +0100] [1632] [INFO] Listening at: http://127.0.0.1:8000 (1632)
[2019-05-06 10:16:47 +0100] [1632] [INFO] Using worker: sync
[2019-05-06 10:16:47 +0100] [1635] [INFO] Booting worker with pid: 1635
[2019-05-06 10:16:47 +0100] [1636] [INFO] Booting worker with pid: 1636
[2019-05-06 10:16:47 +0100] [1637] [INFO] Booting worker with pid: 1637
[2019-05-06 10:17:17 +0100] [1632] [CRITICAL] WORKER TIMEOUT (pid:1635)
[2019-05-06 10:17:17 +0100] [1632] [CRITICAL] WORKER TIMEOUT (pid:1636)
[2019-05-06 10:17:17 +0100] [1632] [CRITICAL] WORKER TIMEOUT (pid:1637)
[2019-05-06 10:17:17 +0100] [1635] [INFO] Worker exiting (pid: 1635)
[2019-05-06 10:17:17 +0100] [1636] [INFO] Worker exiting (pid: 1636)
[2019-05-06 10:17:17 +0100] [1637] [INFO] Worker exiting (pid: 1637)
[2019-05-06 10:17:18 +0100] [1659] [INFO] Booting worker with pid: 1659
[2019-05-06 10:17:18 +0100] [1660] [INFO] Booting worker with pid: 1660
[2019-05-06 10:17:18 +0100] [1661] [INFO] Booting worker with pid: 1661
[2019-05-06 10:17:48 +0100] [1632] [CRITICAL] WORKER TIMEOUT (pid:1659)
[2019-05-06 10:17:48 +0100] [1632] [CRITICAL] WORKER TIMEOUT (pid:1660)
[2019-05-06 10:17:48 +0100] [1632] [CRITICAL] WORKER TIMEOUT (pid:1661)
[2019-05-06 10:17:48 +0100] [1659] [INFO] Worker exiting (pid: 1659)
[2019-05-06 10:17:48 +0100] [1660] [INFO] Worker exiting (pid: 1660)
[2019-05-06 10:17:48 +0100] [1661] [INFO] Worker exiting (pid: 1661)
[2019-05-06 10:17:49 +0100] [1666] [INFO] Booting worker with pid: 1666
[2019-05-06 10:17:49 +0100] [1667] [INFO] Booting worker with pid: 1667
[2019-05-06 10:17:50 +0100] [1668] [INFO] Booting worker with pid: 1668
[2019-05-06 10:18:20 +0100] [1632] [CRITICAL] WORKER TIMEOUT (pid:1666)
[2019-05-06 10:18:20 +0100] [1632] [CRITICAL] WORKER TIMEOUT (pid:1667)
[2019-05-06 10:18:20 +0100] [1632] [CRITICAL] WORKER TIMEOUT (pid:1668)
[2019-05-06 10:18:20 +0100] [1667] [INFO] Worker exiting (pid: 1667)
[2019-05-06 10:18:20 +0100] [1668] [INFO] Worker exiting (pid: 1668)
[2019-05-06 10:18:20 +0100] [1666] [INFO] Worker exiting (pid: 1666)
[2019-05-06 10:18:21 +0100] [1673] [INFO] Booting worker with pid: 1673
[2019-05-06 10:18:21 +0100] [1674] [INFO] Booting worker with pid: 1674
[2019-05-06 10:18:21 +0100] [1675] [INFO] Booting worker with pid: 1675
[2019-05-06 10:18:51 +0100] [1632] [CRITICAL] WORKER TIMEOUT (pid:1673)
[2019-05-06 10:18:51 +0100] [1632] [CRITICAL] WORKER TIMEOUT (pid:1674)
[2019-05-06 10:18:51 +0100] [1632] [CRITICAL] WORKER TIMEOUT (pid:1675)
[2019-05-06 10:18:51 +0100] [1674] [INFO] Worker exiting (pid: 1674)
[2019-05-06 10:18:51 +0100] [1673] [INFO] Worker exiting (pid: 1673)
[2019-05-06 10:18:51 +0100] [1675] [INFO] Worker exiting (pid: 1675)
[2019-05-06 10:18:52 +0100] [1679] [INFO] Booting worker with pid: 1679
[2019-05-06 10:18:52 +0100] [1680] [INFO] Booting worker with pid: 1680
[2019-05-06 10:18:52 +0100] [1681] [INFO] Booting worker with pid: 1681
[2019-05-06 10:19:23 +0100] [1632] [CRITICAL] WORKER TIMEOUT (pid:1680)
[2019-05-06 10:19:23 +0100] [1632] [CRITICAL] WORKER TIMEOUT (pid:1681)
[2019-05-06 10:19:23 +0100] [1632] [CRITICAL] WORKER TIMEOUT (pid:1679)
[2019-05-06 10:19:23 +0100] [1679] [INFO] Worker exiting (pid: 1679)
[2019-05-06 10:19:23 +0100] [1681] [INFO] Worker exiting (pid: 1681)
[2019-05-06 10:19:23 +0100] [1680] [INFO] Worker exiting (pid: 1680)
[2019-05-06 10:19:24 +0100] [1697] [INFO] Booting worker with pid: 1697
[2019-05-06 10:19:24 +0100] [1698] [INFO] Booting worker with pid: 1698
[2019-05-06 10:19:24 +0100] [1699] [INFO] Booting worker with pid: 1699
[2019-05-06 10:19:54 +0100] [1632] [CRITICAL] WORKER TIMEOUT (pid:1697)
[2019-05-06 10:19:54 +0100] [1632] [CRITICAL] WORKER TIMEOUT (pid:1698)
[2019-05-06 10:19:54 +0100] [1632] [CRITICAL] WORKER TIMEOUT (pid:1699)
[2019-05-06 10:19:54 +0100] [1698] [INFO] Worker exiting (pid: 1698)
[2019-05-06 10:19:54 +0100] [1699] [INFO] Worker exiting (pid: 1699)
[2019-05-06 10:19:54 +0100] [1697] [INFO] Worker exiting (pid: 1697)
[2019-05-06 10:19:55 +0100] [1763] [INFO] Booting worker with pid: 1763
[2019-05-06 10:19:55 +0100] [1764] [INFO] Booting worker with pid: 1764
[2019-05-06 10:19:55 +0100] [1765] [INFO] Booting worker with pid: 1765
[2019-05-06 10:20:25 +0100] [1632] [CRITICAL] WORKER TIMEOUT (pid:1763)
[2019-05-06 10:20:25 +0100] [1632] [CRITICAL] WORKER TIMEOUT (pid:1764)
[2019-05-06 10:20:25 +0100] [1632] [CRITICAL] WORKER TIMEOUT (pid:1765)
[2019-05-06 10:20:25 +0100] [1763] [INFO] Worker exiting (pid: 1763)
[2019-05-06 10:20:25 +0100] [1764] [INFO] Worker exiting (pid: 1764)
[2019-05-06 10:20:25 +0100] [1765] [INFO] Worker exiting (pid: 1765)
[2019-05-06 10:20:27 +0100] [1769] [INFO] Booting worker with pid: 1769
[2019-05-06 10:20:27 +0100] [1770] [INFO] Booting worker with pid: 1770
[2019-05-06 10:20:27 +0100] [1771] [INFO] Booting worker with pid: 1771
[2019-05-06 10:20:57 +0100] [1632] [CRITICAL] WORKER TIMEOUT (pid:1769)
[2019-05-06 10:20:57 +0100] [1632] [CRITICAL] WORKER TIMEOUT (pid:1770)
[2019-05-06 10:20:57 +0100] [1632] [CRITICAL] WORKER TIMEOUT (pid:1771)
[2019-05-06 10:20:57 +0100] [1770] [INFO] Worker exiting (pid: 1770)
[2019-05-06 10:20:57 +0100] [1771] [INFO] Worker exiting (pid: 1771)
[2019-05-06 10:20:57 +0100] [1769] [INFO] Worker exiting (pid: 1769)
[2019-05-06 10:20:58 +0100] [1775] [INFO] Booting worker with pid: 1775
[2019-05-06 10:20:58 +0100] [1776] [INFO] Booting worker with pid: 1776
[2019-05-06 10:20:58 +0100] [1777] [INFO] Booting worker with pid: 1777
[2019-05-06 10:21:28 +0100] [1632] [CRITICAL] WORKER TIMEOUT (pid:1776)
[2019-05-06 10:21:28 +0100] [1632] [CRITICAL] WORKER TIMEOUT (pid:1777)
[2019-05-06 10:21:28 +0100] [1632] [CRITICAL] WORKER TIMEOUT (pid:1775)
[2019-05-06 10:21:28 +0100] [1776] [INFO] Worker exiting (pid: 1776)
[2019-05-06 10:21:28 +0100] [1775] [INFO] Worker exiting (pid: 1775)
[2019-05-06 10:21:28 +0100] [1777] [INFO] Worker exiting (pid: 1777)
[2019-05-06 10:21:29 +0100] [1786] [INFO] Booting worker with pid: 1786
[2019-05-06 10:21:29 +0100] [1787] [INFO] Booting worker with pid: 1787
[2019-05-06 10:21:30 +0100] [1788] [INFO] Booting worker with pid: 1788
[2019-05-06 10:22:00 +0100] [1632] [CRITICAL] WORKER TIMEOUT (pid:1786)
[2019-05-06 10:22:00 +0100] [1632] [CRITICAL] WORKER TIMEOUT (pid:1787)
[2019-05-06 10:22:00 +0100] [1632] [CRITICAL] WORKER TIMEOUT (pid:1788)
[2019-05-06 10:22:00 +0100] [1788] [INFO] Worker exiting (pid: 1788)
[2019-05-06 10:22:00 +0100] [1787] [INFO] Worker exiting (pid: 1787)
[2019-05-06 10:22:00 +0100] [1786] [INFO] Worker exiting (pid: 1786)
[2019-05-06 10:22:01 +0100] [1804] [INFO] Booting worker with pid: 1804
[2019-05-06 10:22:01 +0100] [1805] [INFO] Booting worker with pid: 1805
[2019-05-06 10:22:01 +0100] [1806] [INFO] Booting worker with pid: 1806
[2019-05-06 10:22:31 +0100] [1632] [CRITICAL] WORKER TIMEOUT (pid:1804)
[2019-05-06 10:22:31 +0100] [1632] [CRITICAL] WORKER TIMEOUT (pid:1805)
[2019-05-06 10:22:31 +0100] [1632] [CRITICAL] WORKER TIMEOUT (pid:1806)
[2019-05-06 10:22:31 +0100] [1805] [INFO] Worker exiting (pid: 1805)
[2019-05-06 10:22:31 +0100] [1804] [INFO] Worker exiting (pid: 1804)
[2019-05-06 10:22:31 +0100] [1806] [INFO] Worker exiting (pid: 1806)
[2019-05-06 10:22:32 +0100] [1834] [INFO] Booting worker with pid: 1834
[2019-05-06 10:22:32 +0100] [1835] [INFO] Booting worker with pid: 1835
[2019-05-06 10:22:32 +0100] [1836] [INFO] Booting worker with pid: 1836
[2019-05-06 10:23:02 +0100] [1632] [CRITICAL] WORKER TIMEOUT (pid:1834)
[2019-05-06 10:23:02 +0100] [1632] [CRITICAL] WORKER TIMEOUT (pid:1835)
[2019-05-06 10:23:03 +0100] [1632] [CRITICAL] WORKER TIMEOUT (pid:1836)
[2019-05-06 10:23:03 +0100] [1835] [INFO] Worker exiting (pid: 1835)
[2019-05-06 10:23:03 +0100] [1834] [INFO] Worker exiting (pid: 1834)
[2019-05-06 10:23:03 +0100] [1836] [INFO] Worker exiting (pid: 1836)
[2019-05-06 10:23:04 +0100] [1840] [INFO] Booting worker with pid: 1840
[2019-05-06 10:23:04 +0100] [1841] [INFO] Booting worker with pid: 1841
[2019-05-06 10:23:04 +0100] [1842] [INFO] Booting worker with pid: 1842
[2019-05-06 10:23:34 +0100] [1632] [CRITICAL] WORKER TIMEOUT (pid:1840)
[2019-05-06 10:23:34 +0100] [1632] [CRITICAL] WORKER TIMEOUT (pid:1841)
[2019-05-06 10:23:34 +0100] [1632] [CRITICAL] WORKER TIMEOUT (pid:1842)
[2019-05-06 10:23:34 +0100] [1841] [INFO] Worker exiting (pid: 1841)
[2019-05-06 10:23:34 +0100] [1840] [INFO] Worker exiting (pid: 1840)
[2019-05-06 10:23:34 +0100] [1842] [INFO] Worker exiting (pid: 1842)
[2019-05-06 10:23:35 +0100] [1855] [INFO] Booting worker with pid: 1855
[2019-05-06 10:23:35 +0100] [1856] [INFO] Booting worker with pid: 1856
[2019-05-06 10:23:35 +0100] [1857] [INFO] Booting worker with pid: 1857
[2019-05-06 10:23:52 +0100] [1632] [INFO] Handling signal: term
[2019-05-06 10:24:14 +0100] [1864] [INFO] Starting gunicorn 19.9.0
[2019-05-06 10:24:14 +0100] [1864] [INFO] Listening at: http://127.0.0.1:8000 (1864)
[2019-05-06 10:24:14 +0100] [1864] [INFO] Using worker: sync
[2019-05-06 10:24:14 +0100] [1885] [INFO] Booting worker with pid: 1885
[2019-05-06 10:24:14 +0100] [1886] [INFO] Booting worker with pid: 1886
[2019-05-06 10:24:15 +0100] [1887] [INFO] Booting worker with pid: 1887
[2019-05-06 10:26:15 +0100] [1864] [CRITICAL] WORKER TIMEOUT (pid:1885)
[2019-05-06 10:26:15 +0100] [1864] [CRITICAL] WORKER TIMEOUT (pid:1886)
[2019-05-06 10:26:15 +0100] [1864] [CRITICAL] WORKER TIMEOUT (pid:1887)
[2019-05-06 10:26:15 +0100] [1885] [INFO] Worker exiting (pid: 1885)
[2019-05-06 10:26:15 +0100] [1887] [INFO] Worker exiting (pid: 1887)
[2019-05-06 10:26:15 +0100] [1886] [INFO] Worker exiting (pid: 1886)
[2019-05-06 10:26:16 +0100] [1937] [INFO] Booting worker with pid: 1937
[2019-05-06 10:26:16 +0100] [1938] [INFO] Booting worker with pid: 1938
[2019-05-06 10:26:16 +0100] [1939] [INFO] Booting worker with pid: 1939
[2019-05-06 10:28:04,152] INFO in __init__: Wages app startup
[2019-05-06 10:28:04,165] INFO in __init__: Wages app startup
[2019-05-06 10:28:04,259] INFO in __init__: Wages app startup
[2019-05-06 10:30:08 +0100] [1864] [INFO] Handling signal: term
[2019-05-06 10:30:08 +0100] [1937] [INFO] Worker exiting (pid: 1937)
[2019-05-06 10:30:08 +0100] [1939] [INFO] Worker exiting (pid: 1939)
/home/ryan/working-hours-app/env/lib/python3.5/site-packages/flask/sessions.py:217: UserWarning: The session cookie domain is an IP address. This may not work as intended in some browsers. Add an entry to your hosts file, for example "localhost.localdomain", and use that instead.
  'The session cookie domain is an IP address. This may not work'
[2019-05-06 10:30:08 +0100] [1938] [INFO] Worker exiting (pid: 1938)
[2019-05-06 10:30:14 +0100] [1864] [INFO] Shutting down: Master
[2019-05-06 10:30:25 +0100] [2066] [INFO] Starting gunicorn 19.9.0
[2019-05-06 10:30:25 +0100] [2066] [INFO] Listening at: http://127.0.0.1:8000 (2066)
[2019-05-06 10:30:25 +0100] [2066] [INFO] Using worker: sync
[2019-05-06 10:30:25 +0100] [2078] [INFO] Booting worker with pid: 2078
[2019-05-06 10:30:25 +0100] [2079] [INFO] Booting worker with pid: 2079
[2019-05-06 10:30:25 +0100] [2080] [INFO] Booting worker with pid: 2080
[2019-05-06 10:31:28 +0100] [2066] [INFO] Handling signal: term
[2019-05-06 10:32:01 +0100] [2100] [INFO] Starting gunicorn 19.9.0
[2019-05-06 10:32:01 +0100] [2100] [INFO] Listening at: http://127.0.0.1:8000 (2100)
[2019-05-06 10:32:01 +0100] [2100] [INFO] Using worker: sync
[2019-05-06 10:32:01 +0100] [2103] [INFO] Booting worker with pid: 2103
[2019-05-06 10:32:01 +0100] [2104] [INFO] Booting worker with pid: 2104
[2019-05-06 10:32:02 +0100] [2105] [INFO] Booting worker with pid: 2105
[2019-05-06 10:34:01,354] INFO in __init__: Wages app startup
[2019-05-06 10:34:01,743] INFO in __init__: Wages app startup
[2019-05-06 10:34:01,815] INFO in __init__: Wages app startup
[2019-05-06 11:09:43 +0100] [2100] [INFO] Handling signal: term
/home/ryan/working-hours-app/env/lib/python3.5/site-packages/flask/sessions.py:217: UserWarning: The session cookie domain is an IP address. This may not work as intended in some browsers. Add an entry to your hosts file, for example "localhost.localdomain", and use that instead.
  'The session cookie domain is an IP address. This may not work'
[2019-05-06 11:09:43 +0100] [2103] [INFO] Worker exiting (pid: 2103)
/home/ryan/working-hours-app/env/lib/python3.5/site-packages/flask/sessions.py:217: UserWarning: The session cookie domain is an IP address. This may not work as intended in some browsers. Add an entry to your hosts file, for example "localhost.localdomain", and use that instead.
  'The session cookie domain is an IP address. This may not work'
[2019-05-06 11:09:43 +0100] [2104] [INFO] Worker exiting (pid: 2104)
[2019-05-06 11:09:43 +0100] [2105] [INFO] Worker exiting (pid: 2105)
[2019-05-06 11:09:51 +0100] [2100] [INFO] Shutting down: Master
[2019-05-06 11:10:02 +0100] [2516] [INFO] Starting gunicorn 19.9.0
[2019-05-06 11:10:02 +0100] [2516] [INFO] Listening at: http://127.0.0.1:8000 (2516)
[2019-05-06 11:10:02 +0100] [2516] [INFO] Using worker: sync
[2019-05-06 11:10:02 +0100] [2522] [INFO] Booting worker with pid: 2522
[2019-05-06 11:10:02 +0100] [2523] [INFO] Booting worker with pid: 2523
[2019-05-06 11:10:02 +0100] [2524] [INFO] Booting worker with pid: 2524
[2019-05-06 11:11:49,235] INFO in __init__: Wages app startup
[2019-05-06 11:11:49,996] INFO in __init__: Wages app startup
[2019-05-06 11:11:50,026] INFO in __init__: Wages app startup
[2019-05-06 11:14:04 +0100] [2516] [INFO] Handling signal: term
[2019-05-06 11:14:04 +0100] [2522] [INFO] Worker exiting (pid: 2522)
[2019-05-06 11:14:04 +0100] [2524] [INFO] Worker exiting (pid: 2524)
[2019-05-06 11:14:04 +0100] [2523] [INFO] Worker exiting (pid: 2523)
[2019-05-06 11:14:10 +0100] [2516] [INFO] Shutting down: Master
[2019-05-06 11:14:23 +0100] [2601] [INFO] Starting gunicorn 19.9.0
[2019-05-06 11:14:23 +0100] [2601] [INFO] Listening at: http://127.0.0.1:8000 (2601)
[2019-05-06 11:14:23 +0100] [2601] [INFO] Using worker: sync
[2019-05-06 11:14:23 +0100] [2604] [INFO] Booting worker with pid: 2604
[2019-05-06 11:14:23 +0100] [2605] [INFO] Booting worker with pid: 2605
[2019-05-06 11:14:23 +0100] [2606] [INFO] Booting worker with pid: 2606
[2019-05-06 11:16:21,353] INFO in __init__: Wages app startup
[2019-05-06 11:16:22,460] INFO in __init__: Wages app startup
[2019-05-06 11:16:22,669] INFO in __init__: Wages app startup
[2019-05-06 11:20:39 +0100] [2601] [INFO] Handling signal: term
/home/ryan/working-hours-app/env/lib/python3.5/site-packages/flask/sessions.py:217: UserWarning: The session cookie domain is an IP address. This may not work as intended in some browsers. Add an entry to your hosts file, for example "localhost.localdomain", and use that instead.
  'The session cookie domain is an IP address. This may not work'
[2019-05-06 11:20:39 +0100] [2606] [INFO] Worker exiting (pid: 2606)
/home/ryan/working-hours-app/env/lib/python3.5/site-packages/flask/sessions.py:217: UserWarning: The session cookie domain is an IP address. This may not work as intended in some browsers. Add an entry to your hosts file, for example "localhost.localdomain", and use that instead.
  'The session cookie domain is an IP address. This may not work'
[2019-05-06 11:20:39 +0100] [2604] [INFO] Worker exiting (pid: 2604)
[2019-05-06 11:20:39 +0100] [2605] [INFO] Worker exiting (pid: 2605)
[2019-05-06 11:20:45 +0100] [2601] [INFO] Shutting down: Master
[2019-05-06 11:20:56 +0100] [2788] [INFO] Starting gunicorn 19.9.0
[2019-05-06 11:20:56 +0100] [2788] [INFO] Listening at: http://127.0.0.1:8000 (2788)
[2019-05-06 11:20:56 +0100] [2788] [INFO] Using worker: sync
[2019-05-06 11:20:56 +0100] [2791] [INFO] Booting worker with pid: 2791
[2019-05-06 11:20:56 +0100] [2792] [INFO] Booting worker with pid: 2792
[2019-05-06 11:20:56 +0100] [2793] [INFO] Booting worker with pid: 2793
[2019-05-06 11:22:48,526] INFO in __init__: Wages app startup
[2019-05-06 11:22:48,555] INFO in __init__: Wages app startup
[2019-05-06 11:22:48,718] INFO in __init__: Wages app startup
[2019-05-06 11:25:20 +0100] [2788] [INFO] Handling signal: term
/home/ryan/working-hours-app/env/lib/python3.5/site-packages/flask/sessions.py:217: UserWarning: The session cookie domain is an IP address. This may not work as intended in some browsers. Add an entry to your hosts file, for example "localhost.localdomain", and use that instead.
  'The session cookie domain is an IP address. This may not work'
[2019-05-06 11:25:20 +0100] [2791] [INFO] Worker exiting (pid: 2791)
[2019-05-06 11:25:20 +0100] [2792] [INFO] Worker exiting (pid: 2792)
[2019-05-06 11:25:20 +0100] [2793] [INFO] Worker exiting (pid: 2793)
[2019-05-06 11:25:26 +0100] [2788] [INFO] Shutting down: Master
[2019-05-06 11:25:37 +0100] [2888] [INFO] Starting gunicorn 19.9.0
[2019-05-06 11:25:38 +0100] [2888] [INFO] Listening at: http://0.0.0.0:8000 (2888)
[2019-05-06 11:25:38 +0100] [2888] [INFO] Using worker: sync
[2019-05-06 11:25:38 +0100] [2908] [INFO] Booting worker with pid: 2908
[2019-05-06 11:25:38 +0100] [2909] [INFO] Booting worker with pid: 2909
[2019-05-06 11:25:38 +0100] [2910] [INFO] Booting worker with pid: 2910
[2019-05-06 11:26:12 +0100] [2888] [INFO] Handling signal: term
[2019-05-06 11:26:33 +0100] [2925] [INFO] Starting gunicorn 19.9.0
[2019-05-06 11:26:33 +0100] [2925] [INFO] Listening at: http://127.0.0.1:8000 (2925)
[2019-05-06 11:26:33 +0100] [2925] [INFO] Using worker: sync
[2019-05-06 11:26:33 +0100] [2937] [INFO] Booting worker with pid: 2937
[2019-05-06 11:26:33 +0100] [2938] [INFO] Booting worker with pid: 2938
[2019-05-06 11:26:34 +0100] [2939] [INFO] Booting worker with pid: 2939
[2019-05-06 11:28:23,409] INFO in __init__: Wages app startup
[2019-05-06 11:28:23,511] INFO in __init__: Wages app startup
[2019-05-06 11:28:23,567] INFO in __init__: Wages app startup
[2019-05-06 11:29:08 +0100] [2925] [INFO] Handling signal: term
[2019-05-06 11:29:08 +0100] [2937] [INFO] Worker exiting (pid: 2937)
[2019-05-06 11:29:08 +0100] [2939] [INFO] Worker exiting (pid: 2939)
[2019-05-06 11:29:08 +0100] [2938] [INFO] Worker exiting (pid: 2938)
[2019-05-06 11:29:13 +0100] [2925] [INFO] Shutting down: Master
[2019-05-06 11:29:24 +0100] [2959] [INFO] Starting gunicorn 19.9.0
[2019-05-06 11:29:24 +0100] [2959] [INFO] Listening at: http://127.0.0.1:8000 (2959)
[2019-05-06 11:29:24 +0100] [2959] [INFO] Using worker: sync
[2019-05-06 11:29:24 +0100] [2962] [INFO] Booting worker with pid: 2962
[2019-05-06 11:29:24 +0100] [2963] [INFO] Booting worker with pid: 2963
[2019-05-06 11:29:25 +0100] [2964] [INFO] Booting worker with pid: 2964
[2019-05-06 11:31:17,053] INFO in __init__: Wages app startup
[2019-05-06 11:31:17,077] INFO in __init__: Wages app startup
[2019-05-06 11:31:17,196] INFO in __init__: Wages app startup
[2019-05-06 12:00:27 +0100] [2959] [INFO] Handling signal: term
/home/ryan/working-hours-app/env/lib/python3.5/site-packages/flask/sessions.py:217: UserWarning: The session cookie domain is an IP address. This may not work as intended in some browsers. Add an entry to your hosts file, for example "localhost.localdomain", and use that instead.
  'The session cookie domain is an IP address. This may not work'
[2019-05-06 12:00:27 +0100] [2962] [INFO] Worker exiting (pid: 2962)
/home/ryan/working-hours-app/env/lib/python3.5/site-packages/flask/sessions.py:217: UserWarning: The session cookie domain is an IP address. This may not work as intended in some browsers. Add an entry to your hosts file, for example "localhost.localdomain", and use that instead.
  'The session cookie domain is an IP address. This may not work'
[2019-05-06 12:00:27 +0100] [2964] [INFO] Worker exiting (pid: 2964)
[2019-05-06 12:00:27 +0100] [2963] [INFO] Worker exiting (pid: 2963)
[2019-05-06 12:00:33 +0100] [2959] [INFO] Shutting down: Master
[2019-05-06 12:00:44 +0100] [3477] [INFO] Starting gunicorn 19.9.0
[2019-05-06 12:00:44 +0100] [3477] [INFO] Listening at: http://127.0.0.1:8000 (3477)
[2019-05-06 12:00:44 +0100] [3477] [INFO] Using worker: sync
[2019-05-06 12:00:45 +0100] [3480] [INFO] Booting worker with pid: 3480
[2019-05-06 12:00:45 +0100] [3481] [INFO] Booting worker with pid: 3481
[2019-05-06 12:00:45 +0100] [3482] [INFO] Booting worker with pid: 3482
[2019-05-06 12:02:45,509] INFO in __init__: Wages app startup
[2019-05-06 12:02:45,544] INFO in __init__: Wages app startup
[2019-05-06 12:02:45 +0100] [3477] [CRITICAL] WORKER TIMEOUT (pid:3480)
[2019-05-06 12:02:45 +0100] [3477] [CRITICAL] WORKER TIMEOUT (pid:3481)
[2019-05-06 12:02:45 +0100] [3480] [INFO] Worker exiting (pid: 3480)
[2019-05-06 12:02:45 +0100] [3481] [INFO] Worker exiting (pid: 3481)
[2019-05-06 12:02:46 +0100] [3500] [INFO] Booting worker with pid: 3500
[2019-05-06 12:02:46 +0100] [3501] [INFO] Booting worker with pid: 3501
[2019-05-06 12:03:58,327] INFO in __init__: Wages app startup
[2019-05-06 12:03:58,449] INFO in __init__: Wages app startup
[2019-05-06 12:12:40 +0100] [3477] [INFO] Handling signal: term
/home/ryan/working-hours-app/env/lib/python3.5/site-packages/flask/sessions.py:217: UserWarning: The session cookie domain is an IP address. This may not work as intended in some browsers. Add an entry to your hosts file, for example "localhost.localdomain", and use that instead.
  'The session cookie domain is an IP address. This may not work'
[2019-05-06 12:12:40 +0100] [3482] [INFO] Worker exiting (pid: 3482)
/home/ryan/working-hours-app/env/lib/python3.5/site-packages/flask/sessions.py:217: UserWarning: The session cookie domain is an IP address. This may not work as intended in some browsers. Add an entry to your hosts file, for example "localhost.localdomain", and use that instead.
  'The session cookie domain is an IP address. This may not work'
[2019-05-06 12:12:40 +0100] [3501] [INFO] Worker exiting (pid: 3501)
/home/ryan/working-hours-app/env/lib/python3.5/site-packages/flask/sessions.py:217: UserWarning: The session cookie domain is an IP address. This may not work as intended in some browsers. Add an entry to your hosts file, for example "localhost.localdomain", and use that instead.
  'The session cookie domain is an IP address. This may not work'
[2019-05-06 12:12:40 +0100] [3500] [INFO] Worker exiting (pid: 3500)
[2019-05-06 12:12:46 +0100] [3477] [INFO] Shutting down: Master
[2019-05-06 12:12:57 +0100] [3560] [INFO] Starting gunicorn 19.9.0
[2019-05-06 12:12:57 +0100] [3560] [INFO] Listening at: http://127.0.0.1:8000 (3560)
[2019-05-06 12:12:57 +0100] [3560] [INFO] Using worker: sync
[2019-05-06 12:12:57 +0100] [3563] [INFO] Booting worker with pid: 3563
[2019-05-06 12:12:57 +0100] [3564] [INFO] Booting worker with pid: 3564
[2019-05-06 12:12:57 +0100] [3565] [INFO] Booting worker with pid: 3565
[2019-05-06 12:14:53,859] INFO in __init__: Wages app startup
[2019-05-06 12:14:53,907] INFO in __init__: Wages app startup
[2019-05-06 12:14:54,034] INFO in __init__: Wages app startup
[2019-05-06 13:06:01 +0100] [3560] [INFO] Handling signal: term
/home/ryan/working-hours-app/env/lib/python3.5/site-packages/flask/sessions.py:217: UserWarning: The session cookie domain is an IP address. This may not work as intended in some browsers. Add an entry to your hosts file, for example "localhost.localdomain", and use that instead.
  'The session cookie domain is an IP address. This may not work'
[2019-05-06 13:06:01 +0100] [3564] [INFO] Worker exiting (pid: 3564)
/home/ryan/working-hours-app/env/lib/python3.5/site-packages/flask/sessions.py:217: UserWarning: The session cookie domain is an IP address. This may not work as intended in some browsers. Add an entry to your hosts file, for example "localhost.localdomain", and use that instead.
  'The session cookie domain is an IP address. This may not work'
[2019-05-06 13:06:01 +0100] [3563] [INFO] Worker exiting (pid: 3563)
/home/ryan/working-hours-app/env/lib/python3.5/site-packages/flask/sessions.py:217: UserWarning: The session cookie domain is an IP address. This may not work as intended in some browsers. Add an entry to your hosts file, for example "localhost.localdomain", and use that instead.
  'The session cookie domain is an IP address. This may not work'
[2019-05-06 13:06:01 +0100] [3565] [INFO] Worker exiting (pid: 3565)
[2019-05-06 13:06:07 +0100] [3560] [INFO] Shutting down: Master
[2019-05-06 13:06:21 +0100] [4271] [INFO] Starting gunicorn 19.9.0
[2019-05-06 13:06:21 +0100] [4271] [INFO] Listening at: http://127.0.0.1:8000 (4271)
[2019-05-06 13:06:21 +0100] [4271] [INFO] Using worker: sync
[2019-05-06 13:06:21 +0100] [4284] [INFO] Booting worker with pid: 4284
[2019-05-06 13:06:21 +0100] [4285] [INFO] Booting worker with pid: 4285
[2019-05-06 13:06:22 +0100] [4286] [INFO] Booting worker with pid: 4286
[2019-05-06 13:08:22 +0100] [4271] [CRITICAL] WORKER TIMEOUT (pid:4284)
[2019-05-06 13:08:22 +0100] [4271] [CRITICAL] WORKER TIMEOUT (pid:4285)
[2019-05-06 13:08:22 +0100] [4271] [CRITICAL] WORKER TIMEOUT (pid:4286)
[2019-05-06 13:08:22 +0100] [4285] [INFO] Worker exiting (pid: 4285)
[2019-05-06 13:08:22 +0100] [4284] [INFO] Worker exiting (pid: 4284)
[2019-05-06 13:08:22 +0100] [4286] [INFO] Worker exiting (pid: 4286)
[2019-05-06 13:08:23 +0100] [4328] [INFO] Booting worker with pid: 4328
[2019-05-06 13:08:23 +0100] [4329] [INFO] Booting worker with pid: 4329
[2019-05-06 13:08:23 +0100] [4330] [INFO] Booting worker with pid: 4330
[2019-05-06 13:10:11,763] INFO in __init__: Wages app startup
[2019-05-06 13:10:11,899] INFO in __init__: Wages app startup
[2019-05-06 13:10:11,950] INFO in __init__: Wages app startup
[2019-05-06 13:23:12 +0100] [4271] [INFO] Handling signal: term
/home/ryan/working-hours-app/env/lib/python3.5/site-packages/flask/sessions.py:217: UserWarning: The session cookie domain is an IP address. This may not work as intended in some browsers. Add an entry to your hosts file, for example "localhost.localdomain", and use that instead.
  'The session cookie domain is an IP address. This may not work'
[2019-05-06 13:23:12 +0100] [4329] [INFO] Worker exiting (pid: 4329)
/home/ryan/working-hours-app/env/lib/python3.5/site-packages/flask/sessions.py:217: UserWarning: The session cookie domain is an IP address. This may not work as intended in some browsers. Add an entry to your hosts file, for example "localhost.localdomain", and use that instead.
  'The session cookie domain is an IP address. This may not work'
[2019-05-06 13:23:12 +0100] [4330] [INFO] Worker exiting (pid: 4330)
[2019-05-06 13:23:12 +0100] [4328] [INFO] Worker exiting (pid: 4328)
[2019-05-06 13:23:20 +0100] [4271] [INFO] Shutting down: Master
[2019-05-06 13:23:31 +0100] [4554] [INFO] Starting gunicorn 19.9.0
[2019-05-06 13:23:31 +0100] [4554] [INFO] Listening at: http://127.0.0.1:8000 (4554)
[2019-05-06 13:23:31 +0100] [4554] [INFO] Using worker: sync
[2019-05-06 13:23:31 +0100] [4557] [INFO] Booting worker with pid: 4557
[2019-05-06 13:23:31 +0100] [4558] [INFO] Booting worker with pid: 4558
[2019-05-06 13:23:31 +0100] [4559] [INFO] Booting worker with pid: 4559
[2019-05-06 13:24:21 +0100] [4554] [INFO] Handling signal: term
[2019-05-06 13:24:43 +0100] [4599] [INFO] Starting gunicorn 19.9.0
[2019-05-06 13:24:43 +0100] [4599] [INFO] Listening at: http://127.0.0.1:8000 (4599)
[2019-05-06 13:24:43 +0100] [4599] [INFO] Using worker: sync
[2019-05-06 13:24:43 +0100] [4602] [INFO] Booting worker with pid: 4602
[2019-05-06 13:24:43 +0100] [4603] [INFO] Booting worker with pid: 4603
[2019-05-06 13:24:43 +0100] [4606] [INFO] Booting worker with pid: 4606
[2019-05-06 13:25:06 +0100] [4599] [INFO] Handling signal: term
[2019-05-06 13:25:30 +0100] [4616] [INFO] Starting gunicorn 19.9.0
[2019-05-06 13:25:30 +0100] [4616] [INFO] Listening at: http://127.0.0.1:8000 (4616)
[2019-05-06 13:25:30 +0100] [4616] [INFO] Using worker: sync
[2019-05-06 13:25:30 +0100] [4660] [INFO] Booting worker with pid: 4660
[2019-05-06 13:25:30 +0100] [4661] [INFO] Booting worker with pid: 4661
[2019-05-06 13:25:30 +0100] [4662] [INFO] Booting worker with pid: 4662
[2019-05-06 13:26:08 +0100] [4616] [INFO] Handling signal: term
[2019-05-06 13:26:29 +0100] [4703] [INFO] Starting gunicorn 19.9.0
[2019-05-06 13:26:29 +0100] [4703] [INFO] Listening at: http://127.0.0.1:8000 (4703)
[2019-05-06 13:26:29 +0100] [4703] [INFO] Using worker: sync
[2019-05-06 13:26:29 +0100] [4718] [INFO] Booting worker with pid: 4718
[2019-05-06 13:26:29 +0100] [4719] [INFO] Booting worker with pid: 4719
[2019-05-06 13:26:29 +0100] [4720] [INFO] Booting worker with pid: 4720
[2019-05-06 13:28:17,776] INFO in __init__: Wages app startup
[2019-05-06 13:28:17,972] INFO in __init__: Wages app startup
[2019-05-06 13:28:18,289] INFO in __init__: Wages app startup
[2019-05-06 13:32:54 +0100] [4703] [INFO] Handling signal: term
/home/ryan/working-hours-app/env/lib/python3.5/site-packages/flask/sessions.py:217: UserWarning: The session cookie domain is an IP address. This may not work as intended in some browsers. Add an entry to your hosts file, for example "localhost.localdomain", and use that instead.
  'The session cookie domain is an IP address. This may not work'
[2019-05-06 13:32:54 +0100] [4718] [INFO] Worker exiting (pid: 4718)
/home/ryan/working-hours-app/env/lib/python3.5/site-packages/flask/sessions.py:217: UserWarning: The session cookie domain is an IP address. This may not work as intended in some browsers. Add an entry to your hosts file, for example "localhost.localdomain", and use that instead.
  'The session cookie domain is an IP address. This may not work'
[2019-05-06 13:32:54 +0100] [4719] [INFO] Worker exiting (pid: 4719)
/home/ryan/working-hours-app/env/lib/python3.5/site-packages/flask/sessions.py:217: UserWarning: The session cookie domain is an IP address. This may not work as intended in some browsers. Add an entry to your hosts file, for example "localhost.localdomain", and use that instead.
  'The session cookie domain is an IP address. This may not work'
[2019-05-06 13:32:54 +0100] [4720] [INFO] Worker exiting (pid: 4720)
[2019-05-06 13:33:02 +0100] [4703] [INFO] Shutting down: Master
[2019-05-06 13:33:13 +0100] [4856] [INFO] Starting gunicorn 19.9.0
[2019-05-06 13:33:14 +0100] [4856] [INFO] Listening at: http://127.0.0.1:8000 (4856)
[2019-05-06 13:33:14 +0100] [4856] [INFO] Using worker: sync
[2019-05-06 13:33:14 +0100] [4859] [INFO] Booting worker with pid: 4859
[2019-05-06 13:33:14 +0100] [4860] [INFO] Booting worker with pid: 4860
[2019-05-06 13:33:14 +0100] [4861] [INFO] Booting worker with pid: 4861
[2019-05-06 13:35:01,590] INFO in __init__: Wages app startup
[2019-05-06 13:35:01,773] INFO in __init__: Wages app startup
[2019-05-06 13:35:01,942] INFO in __init__: Wages app startup
[2019-05-06 13:41:21 +0100] [4856] [INFO] Handling signal: term
/home/ryan/working-hours-app/env/lib/python3.5/site-packages/flask/sessions.py:217: UserWarning: The session cookie domain is an IP address. This may not work as intended in some browsers. Add an entry to your hosts file, for example "localhost.localdomain", and use that instead.
  'The session cookie domain is an IP address. This may not work'
[2019-05-06 13:41:21 +0100] [4860] [INFO] Worker exiting (pid: 4860)
[2019-05-06 13:41:21 +0100] [4859] [INFO] Worker exiting (pid: 4859)
/home/ryan/working-hours-app/env/lib/python3.5/site-packages/flask/sessions.py:217: UserWarning: The session cookie domain is an IP address. This may not work as intended in some browsers. Add an entry to your hosts file, for example "localhost.localdomain", and use that instead.
  'The session cookie domain is an IP address. This may not work'
[2019-05-06 13:41:21 +0100] [4861] [INFO] Worker exiting (pid: 4861)
[2019-05-06 13:41:27 +0100] [4856] [INFO] Shutting down: Master
[2019-05-06 13:41:38 +0100] [5009] [INFO] Starting gunicorn 19.9.0
[2019-05-06 13:41:38 +0100] [5009] [INFO] Listening at: http://127.0.0.1:8000 (5009)
[2019-05-06 13:41:38 +0100] [5009] [INFO] Using worker: sync
[2019-05-06 13:41:38 +0100] [5012] [INFO] Booting worker with pid: 5012
[2019-05-06 13:41:38 +0100] [5013] [INFO] Booting worker with pid: 5013
[2019-05-06 13:41:38 +0100] [5014] [INFO] Booting worker with pid: 5014
[2019-05-06 13:43:27,314] INFO in __init__: Wages app startup
[2019-05-06 13:43:27,901] INFO in __init__: Wages app startup
[2019-05-06 13:43:27,988] INFO in __init__: Wages app startup
[2019-05-06 13:45:36 +0100] [5009] [INFO] Handling signal: term
/home/ryan/working-hours-app/env/lib/python3.5/site-packages/flask/sessions.py:217: UserWarning: The session cookie domain is an IP address. This may not work as intended in some browsers. Add an entry to your hosts file, for example "localhost.localdomain", and use that instead.
  'The session cookie domain is an IP address. This may not work'
[2019-05-06 13:45:36 +0100] [5012] [INFO] Worker exiting (pid: 5012)
[2019-05-06 13:45:36 +0100] [5013] [INFO] Worker exiting (pid: 5013)
/home/ryan/working-hours-app/env/lib/python3.5/site-packages/flask/sessions.py:217: UserWarning: The session cookie domain is an IP address. This may not work as intended in some browsers. Add an entry to your hosts file, for example "localhost.localdomain", and use that instead.
  'The session cookie domain is an IP address. This may not work'
[2019-05-06 13:45:36 +0100] [5014] [INFO] Worker exiting (pid: 5014)
[2019-05-06 13:45:43 +0100] [5009] [INFO] Shutting down: Master
[2019-05-06 13:45:54 +0100] [5124] [INFO] Starting gunicorn 19.9.0
[2019-05-06 13:45:54 +0100] [5124] [INFO] Listening at: http://127.0.0.1:8000 (5124)
[2019-05-06 13:45:54 +0100] [5124] [INFO] Using worker: sync
[2019-05-06 13:45:54 +0100] [5127] [INFO] Booting worker with pid: 5127
[2019-05-06 13:45:54 +0100] [5128] [INFO] Booting worker with pid: 5128
[2019-05-06 13:45:54 +0100] [5129] [INFO] Booting worker with pid: 5129
[2019-05-06 13:47:43,228] INFO in __init__: Wages app startup
[2019-05-06 13:47:43,288] INFO in __init__: Wages app startup
[2019-05-06 13:47:43,346] INFO in __init__: Wages app startup
[2019-05-06 14:08:21 +0100] [5129] [INFO] Worker exiting (pid: 5129)
[2019-05-06 14:08:21 +0100] [5127] [INFO] Worker exiting (pid: 5127)
[2019-05-06 14:08:21 +0100] [5124] [INFO] Handling signal: term
[2019-05-06 14:08:21 +0100] [5128] [INFO] Worker exiting (pid: 5128)
[2019-05-06 14:08:26 +0100] [5124] [INFO] Shutting down: Master
[2019-05-06 14:08:38 +0100] [5309] [INFO] Starting gunicorn 19.9.0
[2019-05-06 14:08:38 +0100] [5309] [INFO] Listening at: http://127.0.0.1:8000 (5309)
[2019-05-06 14:08:38 +0100] [5309] [INFO] Using worker: sync
[2019-05-06 14:08:38 +0100] [5342] [INFO] Booting worker with pid: 5342
[2019-05-06 14:08:38 +0100] [5343] [INFO] Booting worker with pid: 5343
[2019-05-06 14:08:38 +0100] [5344] [INFO] Booting worker with pid: 5344
[2019-05-06 14:10:30,881] INFO in __init__: Wages app startup
[2019-05-06 14:10:31,126] INFO in __init__: Wages app startup
[2019-05-06 14:10:31,193] INFO in __init__: Wages app startup
[2019-05-06 17:48:06,562] ERROR in app: Exception on /index [POST]
Traceback (most recent call last):
  File "/home/ryan/working-hours-app/env/lib/python3.5/site-packages/flask/app.py", line 2292, in wsgi_app
    response = self.full_dispatch_request()
  File "/home/ryan/working-hours-app/env/lib/python3.5/site-packages/flask/app.py", line 1815, in full_dispatch_request
    rv = self.handle_user_exception(e)
  File "/home/ryan/working-hours-app/env/lib/python3.5/site-packages/flask/app.py", line 1718, in handle_user_exception
    reraise(exc_type, exc_value, tb)
  File "/home/ryan/working-hours-app/env/lib/python3.5/site-packages/flask/_compat.py", line 35, in reraise
    raise value
  File "/home/ryan/working-hours-app/env/lib/python3.5/site-packages/flask/app.py", line 1813, in full_dispatch_request
    rv = self.dispatch_request()
  File "/home/ryan/working-hours-app/env/lib/python3.5/site-packages/flask/app.py", line 1799, in dispatch_request
    return self.view_functions[rule.endpoint](**req.view_args)
  File "/home/ryan/working-hours-app/env/lib/python3.5/site-packages/flask_login/utils.py", line 261, in decorated_view
    return func(*args, **kwargs)
  File "/home/ryan/working-hours-app/app/main/routes.py", line 233, in index
    cumul_hrs, cumul_overtime, week_Begin_dt = getCumul(week_Begin, listHours)
  File "/home/ryan/working-hours-app/app/main/routes.py", line 151, in getCumul
    cumul_hrs = strfdelta(dct_hours[datetime.fromisoformat(week_Begin)], '%H:%M')
AttributeError: type object 'datetime.datetime' has no attribute 'fromisoformat'
[2019-05-06 17:48:43,361] ERROR in app: Exception on /index [POST]
Traceback (most recent call last):
  File "/home/ryan/working-hours-app/env/lib/python3.5/site-packages/flask/app.py", line 2292, in wsgi_app
    response = self.full_dispatch_request()
  File "/home/ryan/working-hours-app/env/lib/python3.5/site-packages/flask/app.py", line 1815, in full_dispatch_request
    rv = self.handle_user_exception(e)
  File "/home/ryan/working-hours-app/env/lib/python3.5/site-packages/flask/app.py", line 1718, in handle_user_exception
    reraise(exc_type, exc_value, tb)
  File "/home/ryan/working-hours-app/env/lib/python3.5/site-packages/flask/_compat.py", line 35, in reraise
    raise value
  File "/home/ryan/working-hours-app/env/lib/python3.5/site-packages/flask/app.py", line 1813, in full_dispatch_request
    rv = self.dispatch_request()
  File "/home/ryan/working-hours-app/env/lib/python3.5/site-packages/flask/app.py", line 1799, in dispatch_request
    return self.view_functions[rule.endpoint](**req.view_args)
  File "/home/ryan/working-hours-app/env/lib/python3.5/site-packages/flask_login/utils.py", line 261, in decorated_view
    return func(*args, **kwargs)
  File "/home/ryan/working-hours-app/app/main/routes.py", line 233, in index
    cumul_hrs, cumul_overtime, week_Begin_dt = getCumul(week_Begin, listHours)
  File "/home/ryan/working-hours-app/app/main/routes.py", line 151, in getCumul
    cumul_hrs = strfdelta(dct_hours[datetime.fromisoformat(week_Begin)], '%H:%M')
AttributeError: type object 'datetime.datetime' has no attribute 'fromisoformat'
[2019-05-06 18:49:29,256] ERROR in app: Exception on /index [POST]
Traceback (most recent call last):
  File "/home/ryan/working-hours-app/env/lib/python3.5/site-packages/flask/app.py", line 2292, in wsgi_app
    response = self.full_dispatch_request()
  File "/home/ryan/working-hours-app/env/lib/python3.5/site-packages/flask/app.py", line 1815, in full_dispatch_request
    rv = self.handle_user_exception(e)
  File "/home/ryan/working-hours-app/env/lib/python3.5/site-packages/flask/app.py", line 1718, in handle_user_exception
    reraise(exc_type, exc_value, tb)
  File "/home/ryan/working-hours-app/env/lib/python3.5/site-packages/flask/_compat.py", line 35, in reraise
    raise value
  File "/home/ryan/working-hours-app/env/lib/python3.5/site-packages/flask/app.py", line 1813, in full_dispatch_request
    rv = self.dispatch_request()
  File "/home/ryan/working-hours-app/env/lib/python3.5/site-packages/flask/app.py", line 1799, in dispatch_request
    return self.view_functions[rule.endpoint](**req.view_args)
  File "/home/ryan/working-hours-app/env/lib/python3.5/site-packages/flask_login/utils.py", line 261, in decorated_view
    return func(*args, **kwargs)
  File "/home/ryan/working-hours-app/app/main/routes.py", line 233, in index
    cumul_hrs, cumul_overtime, week_Begin_dt = getCumul(week_Begin, listHours)
  File "/home/ryan/working-hours-app/app/main/routes.py", line 151, in getCumul
    cumul_hrs = strfdelta(dct_hours[datetime.fromisoformat(week_Begin)], '%H:%M')
AttributeError: type object 'datetime.datetime' has no attribute 'fromisoformat'
