2019-05-05 17:27:52,165 INFO: Wages app startup [in /Users/ryan/wagesapptest/app/__init__.py:56]
2019-05-05 17:30:01,392 INFO: Wages app startup [in /Users/ryan/wagesapptest/app/__init__.py:56]
2019-05-05 17:30:11,734 ERROR: Exception on /auth/login [GET] [in /Users/ryan/wagesapp/venv/lib/python3.7/site-packages/flask/app.py:1761]
Traceback (most recent call last):
  File "/Users/ryan/wagesapp/venv/lib/python3.7/site-packages/flask/app.py", line 2292, in wsgi_app
    response = self.full_dispatch_request()
  File "/Users/ryan/wagesapp/venv/lib/python3.7/site-packages/flask/app.py", line 1815, in full_dispatch_request
    rv = self.handle_user_exception(e)
  File "/Users/ryan/wagesapp/venv/lib/python3.7/site-packages/flask/app.py", line 1718, in handle_user_exception
    reraise(exc_type, exc_value, tb)
  File "/Users/ryan/wagesapp/venv/lib/python3.7/site-packages/flask/_compat.py", line 35, in reraise
    raise value
  File "/Users/ryan/wagesapp/venv/lib/python3.7/site-packages/flask/app.py", line 1813, in full_dispatch_request
    rv = self.dispatch_request()
  File "/Users/ryan/wagesapp/venv/lib/python3.7/site-packages/flask/app.py", line 1799, in dispatch_request
    return self.view_functions[rule.endpoint](**req.view_args)
  File "/Users/ryan/wagesapptest/app/auth/routes.py", line 31, in login
    return render_template('login.html', title='Sign In', form=form)
  File "/Users/ryan/wagesapp/venv/lib/python3.7/site-packages/flask/templating.py", line 135, in render_template
    context, ctx.app)
  File "/Users/ryan/wagesapp/venv/lib/python3.7/site-packages/flask/templating.py", line 117, in _render
    rv = template.render(context)
  File "/Users/ryan/wagesapp/venv/lib/python3.7/site-packages/jinja2/asyncsupport.py", line 76, in render
    return original_render(self, *args, **kwargs)
  File "/Users/ryan/wagesapp/venv/lib/python3.7/site-packages/jinja2/environment.py", line 1008, in render
    return self.environment.handle_exception(exc_info, True)
  File "/Users/ryan/wagesapp/venv/lib/python3.7/site-packages/jinja2/environment.py", line 780, in handle_exception
    reraise(exc_type, exc_value, tb)
  File "/Users/ryan/wagesapp/venv/lib/python3.7/site-packages/jinja2/_compat.py", line 37, in reraise
    raise value.with_traceback(tb)
  File "/Users/ryan/wagesapptest/app/templates/login.html", line 2, in top-level template code
    {% import 'bootstrap/wtf.html' as wtf %}
  File "/Users/ryan/wagesapptest/app/templates/base.html", line 1, in top-level template code
    {% extends 'bootstrap/base.html' %}
  File "/Users/ryan/wagesapp/venv/lib/python3.7/site-packages/flask_bootstrap/templates/bootstrap/base.html", line 1, in top-level template code
    {% block doc -%}
  File "/Users/ryan/wagesapp/venv/lib/python3.7/site-packages/flask_bootstrap/templates/bootstrap/base.html", line 4, in block "doc"
    {%- block html %}
  File "/Users/ryan/wagesapp/venv/lib/python3.7/site-packages/flask_bootstrap/templates/bootstrap/base.html", line 6, in block "html"
    {%- block head %}
  File "/Users/ryan/wagesapp/venv/lib/python3.7/site-packages/flask_bootstrap/templates/bootstrap/base.html", line 13, in block "head"
    {%- block styles %}
  File "/Users/ryan/wagesapptest/app/templates/base.html", line 11, in block "styles"
    <link rel="stylesheet" href="{{ url_for('.static', filename='styles.css') }}">
  File "/Users/ryan/wagesapp/venv/lib/python3.7/site-packages/flask/helpers.py", line 356, in url_for
    return appctx.app.handle_url_build_error(error, endpoint, values)
  File "/Users/ryan/wagesapp/venv/lib/python3.7/site-packages/flask/app.py", line 2061, in handle_url_build_error
    reraise(exc_type, exc_value, tb)
  File "/Users/ryan/wagesapp/venv/lib/python3.7/site-packages/flask/_compat.py", line 35, in reraise
    raise value
  File "/Users/ryan/wagesapp/venv/lib/python3.7/site-packages/flask/helpers.py", line 345, in url_for
    force_external=external)
  File "/Users/ryan/wagesapp/venv/lib/python3.7/site-packages/werkzeug/routing.py", line 2181, in build
    raise BuildError(endpoint, values, method, self)
werkzeug.routing.BuildError: Could not build url for endpoint 'auth.static' with values ['filename']. Did you mean 'static' instead?
